# JRE version: OpenJDK Runtime Environment (11.0.11+9) (build 11.0.11+9-b60-7590822)
# Java VM: OpenJDK 64-Bit Server VM (11.0.11+9-b60-7590822, mixed mode, tiered, compressed oops, g1 gc, windows-amd64)
Heap:
 garbage-first heap   total 260096K, used 152985K [0x0000000080000000, 0x0000000100000000)
  region size 1024K, 76 young (77824K), 9 survivors (9216K)
 Metaspace       used 89715K, capacity 91919K, committed 92108K, reserved 1128448K
  class space    used 11497K, capacity 12379K, committed 12492K, reserved 1048576K
GC Heap History (20 events):
Event: 2.138 GC heap before
{Heap before GC invocations=1 (full 0):
 garbage-first heap   total 260096K, used 108792K [0x0000000080000000, 0x0000000100000000)
  region size 1024K, 101 young (103424K), 3 survivors (3072K)
 Metaspace       used 20670K, capacity 21103K, committed 21248K, reserved 1067008K
  class space    used 2543K, capacity 2697K, committed 2816K, reserved 1048576K
}
Event: 2.149 GC heap after
{Heap after GC invocations=2 (full 0):
 garbage-first heap   total 260096K, used 16823K [0x0000000080000000, 0x0000000100000000)
  region size 1024K, 11 young (11264K), 11 survivors (11264K)
 Metaspace       used 20670K, capacity 21103K, committed 21248K, reserved 1067008K
  class space    used 2543K, capacity 2697K, committed 2816K, reserved 1048576K
}
Event: 2.504 GC heap before
{Heap before GC invocations=3 (full 0):
 garbage-first heap   total 260096K, used 47543K [0x0000000080000000, 0x0000000100000000)
  region size 1024K, 41 young (41984K), 11 survivors (11264K)
 Metaspace       used 23820K, capacity 24352K, committed 24576K, reserved 1071104K
  class space    used 3041K, capacity 3231K, committed 3328K, reserved 1048576K
}
Event: 2.511 GC heap after
{Heap after GC invocations=4 (full 0):
 garbage-first heap   total 260096K, used 18759K [0x0000000080000000, 0x0000000100000000)
  region size 1024K, 2 young (2048K), 2 survivors (2048K)
 Metaspace       used 23820K, capacity 24352K, committed 24576K, reserved 1071104K
  class space    used 3041K, capacity 3231K, committed 3328K, reserved 1048576K
}
Event: 4.411 GC heap before
{Heap before GC invocations=4 (full 0):
 garbage-first heap   total 260096K, used 100679K [0x0000000080000000, 0x0000000100000000)
  region size 1024K, 83 young (84992K), 2 survivors (2048K)
 Metaspace       used 35061K, capacity 35802K, committed 35840K, reserved 1081344K
  class space    used 4557K, capacity 4863K, committed 4864K, reserved 1048576K
}
Event: 4.421 GC heap after
{Heap after GC invocations=5 (full 0):
 garbage-first heap   total 260096K, used 22648K [0x0000000080000000, 0x0000000100000000)
  region size 1024K, 6 young (6144K), 6 survivors (6144K)
 Metaspace       used 35061K, capacity 35802K, committed 35840K, reserved 1081344K
  class space    used 4557K, capacity 4863K, committed 4864K, reserved 1048576K
}
Event: 7.107 GC heap before
{Heap before GC invocations=6 (full 0):
 garbage-first heap   total 260096K, used 144504K [0x0000000080000000, 0x0000000100000000)
  region size 1024K, 122 young (124928K), 6 survivors (6144K)
 Metaspace       used 44662K, capacity 45800K, committed 45900K, reserved 1089536K
  class space    used 5736K, capacity 6156K, committed 6220K, reserved 1048576K
}
Event: 7.119 GC heap after
{Heap after GC invocations=7 (full 0):
 garbage-first heap   total 260096K, used 29851K [0x0000000080000000, 0x0000000100000000)
  region size 1024K, 13 young (13312K), 13 survivors (13312K)
 Metaspace       used 44662K, capacity 45800K, committed 45900K, reserved 1089536K
  class space    used 5736K, capacity 6156K, committed 6220K, reserved 1048576K
}
Event: 9.228 GC heap before
{Heap before GC invocations=7 (full 0):
 garbage-first heap   total 260096K, used 172187K [0x0000000080000000, 0x0000000100000000)
  region size 1024K, 144 young (147456K), 13 survivors (13312K)
 Metaspace       used 53564K, capacity 54961K, committed 55116K, reserved 1097728K
  class space    used 6837K, capacity 7378K, committed 7500K, reserved 1048576K
}
Event: 9.246 GC heap after
{Heap after GC invocations=8 (full 0):
 garbage-first heap   total 260096K, used 51315K [0x0000000080000000, 0x0000000100000000)
  region size 1024K, 18 young (18432K), 18 survivors (18432K)
 Metaspace       used 53564K, capacity 54961K, committed 55116K, reserved 1097728K
  class space    used 6837K, capacity 7378K, committed 7500K, reserved 1048576K
}
Event: 9.879 GC heap before
{Heap before GC invocations=8 (full 0):
 garbage-first heap   total 260096K, used 87155K [0x0000000080000000, 0x0000000100000000)
  region size 1024K, 54 young (55296K), 18 survivors (18432K)
 Metaspace       used 58664K, capacity 60179K, committed 60236K, reserved 1101824K
  class space    used 7420K, capacity 7983K, committed 8012K, reserved 1048576K
}
Event: 9.901 GC heap after
{Heap after GC invocations=9 (full 0):
 garbage-first heap   total 260096K, used 54625K [0x0000000080000000, 0x0000000100000000)
  region size 1024K, 4 young (4096K), 4 survivors (4096K)
 Metaspace       used 58664K, capacity 60179K, committed 60236K, reserved 1101824K
  class space    used 7420K, capacity 7983K, committed 8012K, reserved 1048576K
}
Event: 12.804 GC heap before
{Heap before GC invocations=10 (full 0):
 garbage-first heap   total 260096K, used 150881K [0x0000000080000000, 0x0000000100000000)
  region size 1024K, 98 young (100352K), 4 survivors (4096K)
 Metaspace       used 68004K, capacity 69614K, committed 69964K, reserved 1110016K
  class space    used 8575K, capacity 9171K, committed 9292K, reserved 1048576K
}
Event: 12.817 GC heap after
{Heap after GC invocations=11 (full 0):
 garbage-first heap   total 260096K, used 59503K [0x0000000080000000, 0x0000000100000000)
  region size 1024K, 9 young (9216K), 9 survivors (9216K)
 Metaspace       used 68004K, capacity 69614K, committed 69964K, reserved 1110016K
  class space    used 8575K, capacity 9171K, committed 9292K, reserved 1048576K
}
Event: 15.429 GC heap before
{Heap before GC invocations=12 (full 0):
 garbage-first heap   total 260096K, used 160879K [0x0000000080000000, 0x0000000100000000)
  region size 1024K, 108 young (110592K), 9 survivors (9216K)
 Metaspace       used 75437K, capacity 77086K, committed 77260K, reserved 1116160K
  class space    used 9712K, capacity 10355K, committed 10444K, reserved 1048576K
}
Event: 15.441 GC heap after
{Heap after GC invocations=13 (full 0):
 garbage-first heap   total 260096K, used 66928K [0x0000000080000000, 0x0000000100000000)
  region size 1024K, 14 young (14336K), 14 survivors (14336K)
 Metaspace       used 75437K, capacity 77086K, committed 77260K, reserved 1116160K
  class space    used 9712K, capacity 10355K, committed 10444K, reserved 1048576K
}
Event: 16.865 GC heap before
{Heap before GC invocations=13 (full 0):
 garbage-first heap   total 260096K, used 170352K [0x0000000080000000, 0x0000000100000000)
  region size 1024K, 116 young (118784K), 14 survivors (14336K)
 Metaspace       used 85603K, capacity 87507K, committed 87628K, reserved 1124352K
  class space    used 11025K, capacity 11751K, committed 11852K, reserved 1048576K
}
Event: 16.886 GC heap after
{Heap after GC invocations=14 (full 0):
 garbage-first heap   total 260096K, used 74994K [0x0000000080000000, 0x0000000100000000)
  region size 1024K, 15 young (15360K), 15 survivors (15360K)
 Metaspace       used 85603K, capacity 87507K, committed 87628K, reserved 1124352K
  class space    used 11025K, capacity 11751K, committed 11852K, reserved 1048576K
}
Event: 18.517 GC heap before
{Heap before GC invocations=14 (full 0):
 garbage-first heap   total 260096K, used 177394K [0x0000000080000000, 0x0000000100000000)
  region size 1024K, 116 young (118784K), 15 survivors (15360K)
 Metaspace       used 87862K, capacity 90098K, committed 90316K, reserved 1128448K
  class space    used 11276K, capacity 12115K, committed 12236K, reserved 1048576K
}
Event: 18.535 GC heap after
{Heap after GC invocations=15 (full 0):
 garbage-first heap   total 260096K, used 84377K [0x0000000080000000, 0x0000000100000000)
  region size 1024K, 9 young (9216K), 9 survivors (9216K)
 Metaspace       used 87862K, capacity 90098K, committed 90316K, reserved 1128448K
  class space    used 11276K, capacity 12115K, committed 12236K, reserved 1048576K
}

